2024-02-11 14:33:43,975 INFO       New employee added. Full name:                      Cristian Csatlos 
2024-02-11 14:33:51,007 INFO       New employee added. Full name:                      Vasile Adiran 
2024-02-11 14:34:00,080 INFO       New employee added. Full name:                      Violeta Dragici 
2024-02-11 14:34:09,168 INFO       New employee added. Full name:                      Andrea Miron 
2024-02-11 14:34:23,215 INFO       New employee added. Full name:                      Paul Dospescu 
2024-02-11 14:34:51,362 INFO       The task Iasi was added.
2024-02-11 14:34:57,903 INFO       The task Bucuresti was added.
2024-02-11 14:35:19,921 INFO       The task Arad was added.
2024-02-11 14:35:36,160 INFO       The task Medgidia was added.
2024-02-11 14:35:57,610 INFO       The task Iasi from 11/02/2024 was archived.
2024-02-11 14:35:57,637 INFO       The completed task Iasi was deleted.
2024-02-11 14:35:57,708 INFO       The task Bucuresti from 11/02/2024 was archived.
2024-02-11 14:35:57,728 INFO       The completed task Bucuresti was deleted.
2024-02-11 14:35:57,796 INFO       The task Medgidia from 11/02/2024 was archived.
2024-02-11 14:35:57,816 INFO       The completed task Medgidia was deleted.
2024-02-11 14:35:57,889 INFO       The task Arad from 11/02/2024 was archived.
2024-02-11 14:35:59,591 INFO       The completed task Arad was deleted.
2024-02-11 14:35:59,762 INFO       The plan for 11.02.2024 was created.
2024-02-11 14:36:08,103 INFO       The xlsx file was created. Name: Plan 11.02.2024.xlsx
2024-02-11 14:36:08,148 INFO       The plan was written. File name: Plan 11.02.2024.xlsx
